<?xml version="1.0" encoding="UTF-8"?>
<testsuite name="rspec" tests="2" skipped="0" failures="0" errors="0" time="49.290713" timestamp="2018-04-18T23:29:42+00:00" hostname="626d214475e4">
  <test