<?xml version="1.0" encoding="UTF-8"?>
<testsuites>
  <testsuite name="rspec" tests="1" skipped="0" failures="1" errors="0" t