<?xml version="1.0" encoding="UTF-8"?>
<testsuite name="rspec" tests="2" skipped="0" failures="1" errors="0" time="49.290713" timestamp="201